[2024-04-03T20:58:23.373] [org.springframework.boot.StartupInfoLogger] [main] [50] [INFO ] Starting Session2Application using Java 17.0.10 with PID 9708 (D:\Rikkei\RA_FUKUOKA-JV230929\SpringBoot\SourceCode\Session2\build\classes\java\main started by light in D:\Rikkei\RA_FUKUOKA-JV230929\SpringBoot\SourceCode\Session2)
[2024-04-03T20:58:23.383] [org.springframework.boot.SpringApplication] [main] [654] [INFO ] No active profile set, falling back to 1 default profile: "default"
[2024-04-03T20:58:24.671] [org.springframework.data.repository.config.RepositoryConfigurationDelegate] [main] [139] [INFO ] Bootstrapping Spring Data JPA repositories in DEFAULT mode.
[2024-04-03T20:58:24.778] [org.springframework.data.repository.config.RepositoryConfigurationDelegate] [main] [208] [INFO ] Finished Spring Data repository scanning in 95 ms. Found 1 JPA repository interface.
[2024-04-03T20:58:25.578] [org.springframework.boot.web.embedded.tomcat.TomcatWebServer] [main] [109] [INFO ] Tomcat initialized with port 6789 (http)
[2024-04-03T20:58:25.592] [org.apache.juli.logging.DirectJDKLog] [main] [173] [INFO ] Initializing ProtocolHandler ["http-nio-6789"]
[2024-04-03T20:58:25.594] [org.apache.juli.logging.DirectJDKLog] [main] [173] [INFO ] Starting service [Tomcat]
[2024-04-03T20:58:25.595] [org.apache.juli.logging.DirectJDKLog] [main] [173] [INFO ] Starting Servlet engine: [Apache Tomcat/10.1.19]
[2024-04-03T20:58:25.753] [org.apache.juli.logging.DirectJDKLog] [main] [173] [INFO ] Initializing Spring embedded WebApplicationContext
[2024-04-03T20:58:25.753] [org.springframework.boot.web.servlet.context.ServletWebServerApplicationContext] [main] [296] [INFO ] Root WebApplicationContext: initialization completed in 2192 ms
[2024-04-03T20:58:26.019] [org.hibernate.jpa.internal.util.LogHelper] [main] [31] [INFO ] HHH000204: Processing PersistenceUnitInfo [name: default]
[2024-04-03T20:58:26.115] [org.hibernate.Version] [main] [44] [INFO ] HHH000412: Hibernate ORM core version 6.4.4.Final
[2024-04-03T20:58:26.182] [org.hibernate.cache.internal.RegionFactoryInitiator] [main] [50] [INFO ] HHH000026: Second-level cache disabled
[2024-04-03T20:58:26.537] [org.springframework.orm.jpa.persistenceunit.SpringPersistenceUnitInfo] [main] [87] [INFO ] No LoadTimeWeaver setup: ignoring JPA class transformer
[2024-04-03T20:58:26.574] [com.zaxxer.hikari.HikariDataSource] [main] [110] [INFO ] HikariPool-1 - Starting...
[2024-04-03T20:58:26.748] [com.zaxxer.hikari.pool.HikariPool] [main] [565] [INFO ] HikariPool-1 - Added connection com.mysql.cj.jdbc.ConnectionImpl@3b8507df
[2024-04-03T20:58:26.756] [com.zaxxer.hikari.HikariDataSource] [main] [123] [INFO ] HikariPool-1 - Start completed.
[2024-04-03T20:58:26.834] [org.hibernate.dialect.Dialect] [main] [353] [WARN ] HHH000511: The 5.5.0 version for [org.hibernate.dialect.MySQLDialect] is no longer supported, hence certain features may not work properly. The minimum supported version is 8.0.0. Check the community dialects project for available legacy versions.
[2024-04-03T20:58:26.841] [org.hibernate.engine.jdbc.dialect.internal.DialectFactoryImpl] [main] [153] [WARN ] HHH90000025: MySQLDialect does not need to be specified explicitly using 'hibernate.dialect' (remove the property setting and it will be selected by default)
[2024-04-03T20:58:28.315] [org.hibernate.engine.transaction.jta.platform.internal.JtaPlatformInitiator] [main] [58] [INFO ] HHH000489: No JTA platform available (set 'hibernate.transaction.jta.platform' to enable JTA platform integration)
[2024-04-03T20:58:28.326] [org.springframework.orm.jpa.AbstractEntityManagerFactoryBean] [main] [437] [INFO ] Initialized JPA EntityManagerFactory for persistence unit 'default'
[2024-04-03T20:58:28.736] [org.springframework.boot.autoconfigure.orm.jpa.JpaBaseConfiguration$JpaWebConfiguration] [main] [232] [WARN ] spring.jpa.open-in-view is enabled by default. Therefore, database queries may be performed during view rendering. Explicitly configure spring.jpa.open-in-view to disable this warning
[2024-04-03T20:58:29.287] [org.apache.juli.logging.DirectJDKLog] [main] [173] [INFO ] Starting ProtocolHandler ["http-nio-6789"]
[2024-04-03T20:58:29.334] [org.springframework.boot.web.embedded.tomcat.TomcatWebServer] [main] [241] [INFO ] Tomcat started on port 6789 (http) with context path '/api'
[2024-04-03T20:58:29.351] [org.springframework.boot.StartupInfoLogger] [main] [56] [INFO ] Started Session2Application in 7.015 seconds (process running for 9.528)
[2024-04-03T20:58:41.891] [org.apache.juli.logging.DirectJDKLog] [http-nio-6789-exec-1] [173] [INFO ] Initializing Spring DispatcherServlet 'dispatcherServlet'
[2024-04-03T20:58:41.892] [org.springframework.web.servlet.FrameworkServlet] [http-nio-6789-exec-1] [532] [INFO ] Initializing Servlet 'dispatcherServlet'
[2024-04-03T20:58:41.895] [org.springframework.web.servlet.FrameworkServlet] [http-nio-6789-exec-1] [554] [INFO ] Completed initialization in 1 ms
[2024-04-03T20:58:42.022] [com.ra.api.controller.ProductsController] [http-nio-6789-exec-1] [25] [INFO ] ProductsController get with request key=null, batch=1
[2024-04-03T21:01:31.146] [org.springframework.web.servlet.handler.AbstractHandlerExceptionResolver] [http-nio-6789-exec-4] [247] [WARN ] Resolved [org.springframework.web.HttpRequestMethodNotSupportedException: Request method 'POST' is not supported]
[2024-04-03T21:01:49.955] [org.springframework.web.servlet.handler.AbstractHandlerExceptionResolver] [http-nio-6789-exec-6] [247] [WARN ] Resolved [org.springframework.web.method.annotation.MethodArgumentTypeMismatchException: Failed to convert value of type 'java.lang.String' to required type 'java.lang.Integer'; For input string: "abc"]
[2024-04-03T21:26:07.970] [org.springframework.orm.jpa.AbstractEntityManagerFactoryBean] [SpringApplicationShutdownHook] [650] [INFO ] Closing JPA EntityManagerFactory for persistence unit 'default'
[2024-04-03T21:26:07.977] [com.zaxxer.hikari.HikariDataSource] [SpringApplicationShutdownHook] [350] [INFO ] HikariPool-1 - Shutdown initiated...
[2024-04-03T21:26:08.000] [com.zaxxer.hikari.HikariDataSource] [SpringApplicationShutdownHook] [352] [INFO ] HikariPool-1 - Shutdown completed.
[2024-04-03T21:26:18.513] [org.springframework.boot.StartupInfoLogger] [main] [50] [INFO ] Starting Session2Application using Java 17.0.10 with PID 14120 (D:\Rikkei\RA_FUKUOKA-JV230929\SpringBoot\SourceCode\Session2\build\classes\java\main started by light in D:\Rikkei\RA_FUKUOKA-JV230929\SpringBoot\SourceCode\Session2)
[2024-04-03T21:26:18.517] [org.springframework.boot.SpringApplication] [main] [654] [INFO ] No active profile set, falling back to 1 default profile: "default"
[2024-04-03T21:26:19.643] [org.springframework.data.repository.config.RepositoryConfigurationDelegate] [main] [139] [INFO ] Bootstrapping Spring Data JPA repositories in DEFAULT mode.
[2024-04-03T21:26:19.774] [org.springframework.data.repository.config.RepositoryConfigurationDelegate] [main] [208] [INFO ] Finished Spring Data repository scanning in 114 ms. Found 1 JPA repository interface.
[2024-04-03T21:26:20.904] [org.springframework.boot.web.embedded.tomcat.TomcatWebServer] [main] [109] [INFO ] Tomcat initialized with port 6789 (http)
[2024-04-03T21:26:20.919] [org.apache.juli.logging.DirectJDKLog] [main] [173] [INFO ] Initializing ProtocolHandler ["http-nio-6789"]
[2024-04-03T21:26:20.921] [org.apache.juli.logging.DirectJDKLog] [main] [173] [INFO ] Starting service [Tomcat]
[2024-04-03T21:26:20.922] [org.apache.juli.logging.DirectJDKLog] [main] [173] [INFO ] Starting Servlet engine: [Apache Tomcat/10.1.19]
[2024-04-03T21:26:21.009] [org.apache.juli.logging.DirectJDKLog] [main] [173] [INFO ] Initializing Spring embedded WebApplicationContext
[2024-04-03T21:26:21.010] [org.springframework.boot.web.servlet.context.ServletWebServerApplicationContext] [main] [296] [INFO ] Root WebApplicationContext: initialization completed in 2419 ms
[2024-04-03T21:26:21.287] [org.hibernate.jpa.internal.util.LogHelper] [main] [31] [INFO ] HHH000204: Processing PersistenceUnitInfo [name: default]
[2024-04-03T21:26:21.388] [org.hibernate.Version] [main] [44] [INFO ] HHH000412: Hibernate ORM core version 6.4.4.Final
[2024-04-03T21:26:21.481] [org.hibernate.cache.internal.RegionFactoryInitiator] [main] [50] [INFO ] HHH000026: Second-level cache disabled
[2024-04-03T21:26:21.894] [org.springframework.orm.jpa.persistenceunit.SpringPersistenceUnitInfo] [main] [87] [INFO ] No LoadTimeWeaver setup: ignoring JPA class transformer
[2024-04-03T21:26:21.930] [com.zaxxer.hikari.HikariDataSource] [main] [110] [INFO ] HikariPool-1 - Starting...
[2024-04-03T21:26:22.129] [com.zaxxer.hikari.pool.HikariPool] [main] [565] [INFO ] HikariPool-1 - Added connection com.mysql.cj.jdbc.ConnectionImpl@5d7f1e59
[2024-04-03T21:26:22.134] [com.zaxxer.hikari.HikariDataSource] [main] [123] [INFO ] HikariPool-1 - Start completed.
[2024-04-03T21:26:22.219] [org.hibernate.dialect.Dialect] [main] [353] [WARN ] HHH000511: The 5.5.0 version for [org.hibernate.dialect.MySQLDialect] is no longer supported, hence certain features may not work properly. The minimum supported version is 8.0.0. Check the community dialects project for available legacy versions.
[2024-04-03T21:26:22.231] [org.hibernate.engine.jdbc.dialect.internal.DialectFactoryImpl] [main] [153] [WARN ] HHH90000025: MySQLDialect does not need to be specified explicitly using 'hibernate.dialect' (remove the property setting and it will be selected by default)
[2024-04-03T21:26:23.506] [org.hibernate.engine.transaction.jta.platform.internal.JtaPlatformInitiator] [main] [58] [INFO ] HHH000489: No JTA platform available (set 'hibernate.transaction.jta.platform' to enable JTA platform integration)
[2024-04-03T21:26:23.515] [org.springframework.orm.jpa.AbstractEntityManagerFactoryBean] [main] [437] [INFO ] Initialized JPA EntityManagerFactory for persistence unit 'default'
[2024-04-03T21:26:23.993] [org.springframework.boot.autoconfigure.orm.jpa.JpaBaseConfiguration$JpaWebConfiguration] [main] [232] [WARN ] spring.jpa.open-in-view is enabled by default. Therefore, database queries may be performed during view rendering. Explicitly configure spring.jpa.open-in-view to disable this warning
[2024-04-03T21:26:24.534] [org.apache.juli.logging.DirectJDKLog] [main] [173] [INFO ] Starting ProtocolHandler ["http-nio-6789"]
[2024-04-03T21:26:24.568] [org.springframework.boot.web.embedded.tomcat.TomcatWebServer] [main] [241] [INFO ] Tomcat started on port 6789 (http) with context path '/api'
[2024-04-03T21:26:24.580] [org.springframework.boot.StartupInfoLogger] [main] [56] [INFO ] Started Session2Application in 7.061 seconds (process running for 9.136)
[2024-04-03T21:26:30.280] [org.apache.juli.logging.DirectJDKLog] [http-nio-6789-exec-2] [173] [INFO ] Initializing Spring DispatcherServlet 'dispatcherServlet'
[2024-04-03T21:26:30.281] [org.springframework.web.servlet.FrameworkServlet] [http-nio-6789-exec-2] [532] [INFO ] Initializing Servlet 'dispatcherServlet'
[2024-04-03T21:26:30.286] [org.springframework.web.servlet.FrameworkServlet] [http-nio-6789-exec-2] [554] [INFO ] Completed initialization in 5 ms
[2024-04-03T21:26:30.490] [org.springframework.web.servlet.mvc.method.annotation.ExceptionHandlerExceptionResolver] [http-nio-6789-exec-2] [441] [WARN ] Failure in @ExceptionHandler com.ra.api.exception.CommonHandlerException#handlerException(Throwable, HttpServletRequest)
java.lang.NullPointerException: Cannot invoke "com.ra.api.exception.ErrorMessageLoader.getMessage(String)" because "this.errorMessageLoader" is null
	at com.ra.api.exception.BaseException.<init>(BaseException.java:15)
	at com.ra.api.exception.CommonHandlerException.handlerException(CommonHandlerException.java:27)
	at java.base/jdk.internal.reflect.NativeMethodAccessorImpl.invoke0(Native Method)
	at java.base/jdk.internal.reflect.NativeMethodAccessorImpl.invoke(NativeMethodAccessorImpl.java:77)
	at java.base/jdk.internal.reflect.DelegatingMethodAccessorImpl.invoke(DelegatingMethodAccessorImpl.java:43)
	at java.base/java.lang.reflect.Method.invoke(Method.java:568)
	at org.springframework.web.method.support.InvocableHandlerMethod.doInvoke(InvocableHandlerMethod.java:255)
	at org.springframework.web.method.support.InvocableHandlerMethod.invokeForRequest(InvocableHandlerMethod.java:188)
	at org.springframework.web.servlet.mvc.method.annotation.ServletInvocableHandlerMethod.invokeAndHandle(ServletInvocableHandlerMethod.java:118)
	at org.springframework.web.servlet.mvc.method.annotation.ExceptionHandlerExceptionResolver.doResolveHandlerMethodException(ExceptionHandlerExceptionResolver.java:432)
	at org.springframework.web.servlet.handler.AbstractHandlerMethodExceptionResolver.doResolveException(AbstractHandlerMethodExceptionResolver.java:74)
	at org.springframework.web.servlet.handler.AbstractHandlerExceptionResolver.resolveException(AbstractHandlerExceptionResolver.java:175)
	at org.springframework.web.servlet.handler.HandlerExceptionResolverComposite.resolveException(HandlerExceptionResolverComposite.java:80)
	at org.springframework.web.servlet.DispatcherServlet.processHandlerException(DispatcherServlet.java:1357)
	at org.springframework.web.servlet.DispatcherServlet.processDispatchResult(DispatcherServlet.java:1160)
	at org.springframework.web.servlet.DispatcherServlet.doDispatch(DispatcherServlet.java:1106)
	at org.springframework.web.servlet.DispatcherServlet.doService(DispatcherServlet.java:979)
	at org.springframework.web.servlet.FrameworkServlet.processRequest(FrameworkServlet.java:1014)
	at org.springframework.web.servlet.FrameworkServlet.doGet(FrameworkServlet.java:903)
	at jakarta.servlet.http.HttpServlet.service(HttpServlet.java:564)
	at org.springframework.web.servlet.FrameworkServlet.service(FrameworkServlet.java:885)
	at jakarta.servlet.http.HttpServlet.service(HttpServlet.java:658)
	at org.apache.catalina.core.ApplicationFilterChain.internalDoFilter(ApplicationFilterChain.java:205)
	at org.apache.catalina.core.ApplicationFilterChain.doFilter(ApplicationFilterChain.java:149)
	at org.apache.tomcat.websocket.server.WsFilter.doFilter(WsFilter.java:51)
	at org.apache.catalina.core.ApplicationFilterChain.internalDoFilter(ApplicationFilterChain.java:174)
	at org.apache.catalina.core.ApplicationFilterChain.doFilter(ApplicationFilterChain.java:149)
	at org.springframework.web.filter.RequestContextFilter.doFilterInternal(RequestContextFilter.java:100)
	at org.springframework.web.filter.OncePerRequestFilter.doFilter(OncePerRequestFilter.java:116)
	at org.apache.catalina.core.ApplicationFilterChain.internalDoFilter(ApplicationFilterChain.java:174)
	at org.apache.catalina.core.ApplicationFilterChain.doFilter(ApplicationFilterChain.java:149)
	at org.springframework.web.filter.FormContentFilter.doFilterInternal(FormContentFilter.java:93)
	at org.springframework.web.filter.OncePerRequestFilter.doFilter(OncePerRequestFilter.java:116)
	at org.apache.catalina.core.ApplicationFilterChain.internalDoFilter(ApplicationFilterChain.java:174)
	at org.apache.catalina.core.ApplicationFilterChain.doFilter(ApplicationFilterChain.java:149)
	at org.springframework.web.filter.CharacterEncodingFilter.doFilterInternal(CharacterEncodingFilter.java:201)
	at org.springframework.web.filter.OncePerRequestFilter.doFilter(OncePerRequestFilter.java:116)
	at org.apache.catalina.core.ApplicationFilterChain.internalDoFilter(ApplicationFilterChain.java:174)
	at org.apache.catalina.core.ApplicationFilterChain.doFilter(ApplicationFilterChain.java:149)
	at org.apache.catalina.core.StandardWrapperValve.invoke(StandardWrapperValve.java:167)
	at org.apache.catalina.core.StandardContextValve.invoke(StandardContextValve.java:90)
	at org.apache.catalina.authenticator.AuthenticatorBase.invoke(AuthenticatorBase.java:482)
	at org.apache.catalina.core.StandardHostValve.invoke(StandardHostValve.java:115)
	at org.apache.catalina.valves.ErrorReportValve.invoke(ErrorReportValve.java:93)
	at org.apache.catalina.core.StandardEngineValve.invoke(StandardEngineValve.java:74)
	at org.apache.catalina.connector.CoyoteAdapter.service(CoyoteAdapter.java:344)
	at org.apache.coyote.http11.Http11Processor.service(Http11Processor.java:391)
	at org.apache.coyote.AbstractProcessorLight.process(AbstractProcessorLight.java:63)
	at org.apache.coyote.AbstractProtocol$ConnectionHandler.process(AbstractProtocol.java:896)
	at org.apache.tomcat.util.net.NioEndpoint$SocketProcessor.doRun(NioEndpoint.java:1744)
	at org.apache.tomcat.util.net.SocketProcessorBase.run(SocketProcessorBase.java:52)
	at org.apache.tomcat.util.threads.ThreadPoolExecutor.runWorker(ThreadPoolExecutor.java:1191)
	at org.apache.tomcat.util.threads.ThreadPoolExecutor$Worker.run(ThreadPoolExecutor.java:659)
	at org.apache.tomcat.util.threads.TaskThread$WrappingRunnable.run(TaskThread.java:63)
	at java.base/java.lang.Thread.run(Thread.java:842)
[2024-04-03T21:26:30.507] [org.springframework.web.servlet.handler.AbstractHandlerExceptionResolver] [http-nio-6789-exec-2] [247] [WARN ] Resolved [org.springframework.web.method.annotation.MethodArgumentTypeMismatchException: Failed to convert value of type 'java.lang.String' to required type 'java.lang.Integer'; For input string: "abc"]
[2024-04-03T21:27:22.187] [org.springframework.orm.jpa.AbstractEntityManagerFactoryBean] [SpringApplicationShutdownHook] [650] [INFO ] Closing JPA EntityManagerFactory for persistence unit 'default'
[2024-04-03T21:27:22.192] [com.zaxxer.hikari.HikariDataSource] [SpringApplicationShutdownHook] [350] [INFO ] HikariPool-1 - Shutdown initiated...
[2024-04-03T21:27:22.212] [com.zaxxer.hikari.HikariDataSource] [SpringApplicationShutdownHook] [352] [INFO ] HikariPool-1 - Shutdown completed.
[2024-04-03T21:27:30.355] [org.springframework.boot.StartupInfoLogger] [main] [50] [INFO ] Starting Session2Application using Java 17.0.10 with PID 9608 (D:\Rikkei\RA_FUKUOKA-JV230929\SpringBoot\SourceCode\Session2\build\classes\java\main started by light in D:\Rikkei\RA_FUKUOKA-JV230929\SpringBoot\SourceCode\Session2)
[2024-04-03T21:27:30.362] [org.springframework.boot.SpringApplication] [main] [654] [INFO ] No active profile set, falling back to 1 default profile: "default"
[2024-04-03T21:27:31.913] [org.springframework.data.repository.config.RepositoryConfigurationDelegate] [main] [139] [INFO ] Bootstrapping Spring Data JPA repositories in DEFAULT mode.
[2024-04-03T21:27:32.038] [org.springframework.data.repository.config.RepositoryConfigurationDelegate] [main] [208] [INFO ] Finished Spring Data repository scanning in 93 ms. Found 1 JPA repository interface.
[2024-04-03T21:27:32.909] [org.springframework.boot.web.embedded.tomcat.TomcatWebServer] [main] [109] [INFO ] Tomcat initialized with port 6789 (http)
[2024-04-03T21:27:32.927] [org.apache.juli.logging.DirectJDKLog] [main] [173] [INFO ] Initializing ProtocolHandler ["http-nio-6789"]
[2024-04-03T21:27:32.930] [org.apache.juli.logging.DirectJDKLog] [main] [173] [INFO ] Starting service [Tomcat]
[2024-04-03T21:27:32.930] [org.apache.juli.logging.DirectJDKLog] [main] [173] [INFO ] Starting Servlet engine: [Apache Tomcat/10.1.19]
[2024-04-03T21:27:33.043] [org.apache.juli.logging.DirectJDKLog] [main] [173] [INFO ] Initializing Spring embedded WebApplicationContext
[2024-04-03T21:27:33.044] [org.springframework.boot.web.servlet.context.ServletWebServerApplicationContext] [main] [296] [INFO ] Root WebApplicationContext: initialization completed in 2582 ms
[2024-04-03T21:27:33.316] [org.hibernate.jpa.internal.util.LogHelper] [main] [31] [INFO ] HHH000204: Processing PersistenceUnitInfo [name: default]
[2024-04-03T21:27:33.441] [org.hibernate.Version] [main] [44] [INFO ] HHH000412: Hibernate ORM core version 6.4.4.Final
[2024-04-03T21:27:33.543] [org.hibernate.cache.internal.RegionFactoryInitiator] [main] [50] [INFO ] HHH000026: Second-level cache disabled
[2024-04-03T21:27:34.042] [org.springframework.orm.jpa.persistenceunit.SpringPersistenceUnitInfo] [main] [87] [INFO ] No LoadTimeWeaver setup: ignoring JPA class transformer
[2024-04-03T21:27:34.094] [com.zaxxer.hikari.HikariDataSource] [main] [110] [INFO ] HikariPool-1 - Starting...
[2024-04-03T21:27:34.314] [com.zaxxer.hikari.pool.HikariPool] [main] [565] [INFO ] HikariPool-1 - Added connection com.mysql.cj.jdbc.ConnectionImpl@7bec8cb0
[2024-04-03T21:27:34.322] [com.zaxxer.hikari.HikariDataSource] [main] [123] [INFO ] HikariPool-1 - Start completed.
[2024-04-03T21:27:34.421] [org.hibernate.dialect.Dialect] [main] [353] [WARN ] HHH000511: The 5.5.0 version for [org.hibernate.dialect.MySQLDialect] is no longer supported, hence certain features may not work properly. The minimum supported version is 8.0.0. Check the community dialects project for available legacy versions.
[2024-04-03T21:27:34.430] [org.hibernate.engine.jdbc.dialect.internal.DialectFactoryImpl] [main] [153] [WARN ] HHH90000025: MySQLDialect does not need to be specified explicitly using 'hibernate.dialect' (remove the property setting and it will be selected by default)
[2024-04-03T21:27:35.810] [org.hibernate.engine.transaction.jta.platform.internal.JtaPlatformInitiator] [main] [58] [INFO ] HHH000489: No JTA platform available (set 'hibernate.transaction.jta.platform' to enable JTA platform integration)
[2024-04-03T21:27:35.819] [org.springframework.orm.jpa.AbstractEntityManagerFactoryBean] [main] [437] [INFO ] Initialized JPA EntityManagerFactory for persistence unit 'default'
[2024-04-03T21:27:36.268] [org.springframework.boot.autoconfigure.orm.jpa.JpaBaseConfiguration$JpaWebConfiguration] [main] [232] [WARN ] spring.jpa.open-in-view is enabled by default. Therefore, database queries may be performed during view rendering. Explicitly configure spring.jpa.open-in-view to disable this warning
[2024-04-03T21:27:36.820] [org.apache.juli.logging.DirectJDKLog] [main] [173] [INFO ] Starting ProtocolHandler ["http-nio-6789"]
[2024-04-03T21:27:36.861] [org.springframework.boot.web.embedded.tomcat.TomcatWebServer] [main] [241] [INFO ] Tomcat started on port 6789 (http) with context path '/api'
[2024-04-03T21:27:36.876] [org.springframework.boot.StartupInfoLogger] [main] [56] [INFO ] Started Session2Application in 7.15 seconds (process running for 9.283)
[2024-04-03T21:27:41.888] [org.apache.juli.logging.DirectJDKLog] [http-nio-6789-exec-2] [173] [INFO ] Initializing Spring DispatcherServlet 'dispatcherServlet'
[2024-04-03T21:27:41.888] [org.springframework.web.servlet.FrameworkServlet] [http-nio-6789-exec-2] [532] [INFO ] Initializing Servlet 'dispatcherServlet'
[2024-04-03T21:27:41.892] [org.springframework.web.servlet.FrameworkServlet] [http-nio-6789-exec-2] [554] [INFO ] Completed initialization in 2 ms
[2024-04-03T21:28:28.757] [org.springframework.orm.jpa.AbstractEntityManagerFactoryBean] [SpringApplicationShutdownHook] [650] [INFO ] Closing JPA EntityManagerFactory for persistence unit 'default'
[2024-04-03T21:28:28.764] [com.zaxxer.hikari.HikariDataSource] [SpringApplicationShutdownHook] [350] [INFO ] HikariPool-1 - Shutdown initiated...
[2024-04-03T21:28:28.779] [com.zaxxer.hikari.HikariDataSource] [SpringApplicationShutdownHook] [352] [INFO ] HikariPool-1 - Shutdown completed.
[2024-04-03T21:28:35.031] [org.springframework.boot.StartupInfoLogger] [main] [50] [INFO ] Starting Session2Application using Java 17.0.10 with PID 11808 (D:\Rikkei\RA_FUKUOKA-JV230929\SpringBoot\SourceCode\Session2\build\classes\java\main started by light in D:\Rikkei\RA_FUKUOKA-JV230929\SpringBoot\SourceCode\Session2)
[2024-04-03T21:28:35.040] [org.springframework.boot.SpringApplication] [main] [654] [INFO ] No active profile set, falling back to 1 default profile: "default"
[2024-04-03T21:28:36.362] [org.springframework.data.repository.config.RepositoryConfigurationDelegate] [main] [139] [INFO ] Bootstrapping Spring Data JPA repositories in DEFAULT mode.
[2024-04-03T21:28:36.475] [org.springframework.data.repository.config.RepositoryConfigurationDelegate] [main] [208] [INFO ] Finished Spring Data repository scanning in 94 ms. Found 1 JPA repository interface.
[2024-04-03T21:28:37.373] [org.springframework.boot.web.embedded.tomcat.TomcatWebServer] [main] [109] [INFO ] Tomcat initialized with port 6789 (http)
[2024-04-03T21:28:37.395] [org.apache.juli.logging.DirectJDKLog] [main] [173] [INFO ] Initializing ProtocolHandler ["http-nio-6789"]
[2024-04-03T21:28:37.399] [org.apache.juli.logging.DirectJDKLog] [main] [173] [INFO ] Starting service [Tomcat]
[2024-04-03T21:28:37.400] [org.apache.juli.logging.DirectJDKLog] [main] [173] [INFO ] Starting Servlet engine: [Apache Tomcat/10.1.19]
[2024-04-03T21:28:37.496] [org.apache.juli.logging.DirectJDKLog] [main] [173] [INFO ] Initializing Spring embedded WebApplicationContext
[2024-04-03T21:28:37.497] [org.springframework.boot.web.servlet.context.ServletWebServerApplicationContext] [main] [296] [INFO ] Root WebApplicationContext: initialization completed in 2310 ms
[2024-04-03T21:28:37.819] [org.hibernate.jpa.internal.util.LogHelper] [main] [31] [INFO ] HHH000204: Processing PersistenceUnitInfo [name: default]
[2024-04-03T21:28:37.932] [org.hibernate.Version] [main] [44] [INFO ] HHH000412: Hibernate ORM core version 6.4.4.Final
[2024-04-03T21:28:37.990] [org.hibernate.cache.internal.RegionFactoryInitiator] [main] [50] [INFO ] HHH000026: Second-level cache disabled
[2024-04-03T21:28:38.447] [org.springframework.orm.jpa.persistenceunit.SpringPersistenceUnitInfo] [main] [87] [INFO ] No LoadTimeWeaver setup: ignoring JPA class transformer
[2024-04-03T21:28:38.483] [com.zaxxer.hikari.HikariDataSource] [main] [110] [INFO ] HikariPool-1 - Starting...
[2024-04-03T21:28:38.721] [com.zaxxer.hikari.pool.HikariPool] [main] [565] [INFO ] HikariPool-1 - Added connection com.mysql.cj.jdbc.ConnectionImpl@fabef2e
[2024-04-03T21:28:38.727] [com.zaxxer.hikari.HikariDataSource] [main] [123] [INFO ] HikariPool-1 - Start completed.
[2024-04-03T21:28:38.809] [org.hibernate.dialect.Dialect] [main] [353] [WARN ] HHH000511: The 5.5.0 version for [org.hibernate.dialect.MySQLDialect] is no longer supported, hence certain features may not work properly. The minimum supported version is 8.0.0. Check the community dialects project for available legacy versions.
[2024-04-03T21:28:38.821] [org.hibernate.engine.jdbc.dialect.internal.DialectFactoryImpl] [main] [153] [WARN ] HHH90000025: MySQLDialect does not need to be specified explicitly using 'hibernate.dialect' (remove the property setting and it will be selected by default)
[2024-04-03T21:28:40.475] [org.hibernate.engine.transaction.jta.platform.internal.JtaPlatformInitiator] [main] [58] [INFO ] HHH000489: No JTA platform available (set 'hibernate.transaction.jta.platform' to enable JTA platform integration)
[2024-04-03T21:28:40.490] [org.springframework.orm.jpa.AbstractEntityManagerFactoryBean] [main] [437] [INFO ] Initialized JPA EntityManagerFactory for persistence unit 'default'
[2024-04-03T21:28:40.962] [org.springframework.boot.autoconfigure.orm.jpa.JpaBaseConfiguration$JpaWebConfiguration] [main] [232] [WARN ] spring.jpa.open-in-view is enabled by default. Therefore, database queries may be performed during view rendering. Explicitly configure spring.jpa.open-in-view to disable this warning
[2024-04-03T21:28:41.714] [org.apache.juli.logging.DirectJDKLog] [main] [173] [INFO ] Starting ProtocolHandler ["http-nio-6789"]
[2024-04-03T21:28:41.764] [org.springframework.boot.web.embedded.tomcat.TomcatWebServer] [main] [241] [INFO ] Tomcat started on port 6789 (http) with context path '/api'
[2024-04-03T21:28:41.785] [org.springframework.boot.StartupInfoLogger] [main] [56] [INFO ] Started Session2Application in 7.737 seconds (process running for 9.659)
[2024-04-03T21:28:46.095] [org.apache.juli.logging.DirectJDKLog] [http-nio-6789-exec-1] [173] [INFO ] Initializing Spring DispatcherServlet 'dispatcherServlet'
[2024-04-03T21:28:46.098] [org.springframework.web.servlet.FrameworkServlet] [http-nio-6789-exec-1] [532] [INFO ] Initializing Servlet 'dispatcherServlet'
[2024-04-03T21:28:46.110] [org.springframework.web.servlet.FrameworkServlet] [http-nio-6789-exec-1] [554] [INFO ] Completed initialization in 10 ms
[2024-04-03T21:30:11.793] [com.zaxxer.hikari.pool.HikariPool$HouseKeeper] [HikariPool-1 housekeeper] [804] [WARN ] HikariPool-1 - Thread starvation or clock leap detected (housekeeper delta=53s428ms141µs200ns).
[2024-04-03T21:30:37.338] [org.springframework.boot.StartupInfoLogger] [main] [50] [INFO ] Starting Session2Application using Java 17.0.10 with PID 4788 (D:\Rikkei\RA_FUKUOKA-JV230929\SpringBoot\SourceCode\Session2\build\classes\java\main started by light in D:\Rikkei\RA_FUKUOKA-JV230929\SpringBoot\SourceCode\Session2)
[2024-04-03T21:30:37.345] [org.springframework.boot.SpringApplication] [main] [654] [INFO ] No active profile set, falling back to 1 default profile: "default"
[2024-04-03T21:30:38.572] [org.springframework.data.repository.config.RepositoryConfigurationDelegate] [main] [139] [INFO ] Bootstrapping Spring Data JPA repositories in DEFAULT mode.
[2024-04-03T21:30:38.682] [org.springframework.data.repository.config.RepositoryConfigurationDelegate] [main] [208] [INFO ] Finished Spring Data repository scanning in 96 ms. Found 1 JPA repository interface.
[2024-04-03T21:30:39.479] [org.springframework.boot.web.embedded.tomcat.TomcatWebServer] [main] [109] [INFO ] Tomcat initialized with port 6789 (http)
[2024-04-03T21:30:39.492] [org.apache.juli.logging.DirectJDKLog] [main] [173] [INFO ] Initializing ProtocolHandler ["http-nio-6789"]
[2024-04-03T21:30:39.494] [org.apache.juli.logging.DirectJDKLog] [main] [173] [INFO ] Starting service [Tomcat]
[2024-04-03T21:30:39.495] [org.apache.juli.logging.DirectJDKLog] [main] [173] [INFO ] Starting Servlet engine: [Apache Tomcat/10.1.19]
[2024-04-03T21:30:39.590] [org.apache.juli.logging.DirectJDKLog] [main] [173] [INFO ] Initializing Spring embedded WebApplicationContext
[2024-04-03T21:30:39.591] [org.springframework.boot.web.servlet.context.ServletWebServerApplicationContext] [main] [296] [INFO ] Root WebApplicationContext: initialization completed in 2152 ms
[2024-04-03T21:30:39.838] [org.hibernate.jpa.internal.util.LogHelper] [main] [31] [INFO ] HHH000204: Processing PersistenceUnitInfo [name: default]
[2024-04-03T21:30:39.930] [org.hibernate.Version] [main] [44] [INFO ] HHH000412: Hibernate ORM core version 6.4.4.Final
[2024-04-03T21:30:39.997] [org.hibernate.cache.internal.RegionFactoryInitiator] [main] [50] [INFO ] HHH000026: Second-level cache disabled
[2024-04-03T21:30:40.422] [org.springframework.orm.jpa.persistenceunit.SpringPersistenceUnitInfo] [main] [87] [INFO ] No LoadTimeWeaver setup: ignoring JPA class transformer
[2024-04-03T21:30:40.461] [com.zaxxer.hikari.HikariDataSource] [main] [110] [INFO ] HikariPool-1 - Starting...
[2024-04-03T21:30:40.643] [com.zaxxer.hikari.pool.HikariPool] [main] [565] [INFO ] HikariPool-1 - Added connection com.mysql.cj.jdbc.ConnectionImpl@7e58f697
[2024-04-03T21:30:40.650] [com.zaxxer.hikari.HikariDataSource] [main] [123] [INFO ] HikariPool-1 - Start completed.
[2024-04-03T21:30:40.716] [org.hibernate.dialect.Dialect] [main] [353] [WARN ] HHH000511: The 5.5.0 version for [org.hibernate.dialect.MySQLDialect] is no longer supported, hence certain features may not work properly. The minimum supported version is 8.0.0. Check the community dialects project for available legacy versions.
[2024-04-03T21:30:40.723] [org.hibernate.engine.jdbc.dialect.internal.DialectFactoryImpl] [main] [153] [WARN ] HHH90000025: MySQLDialect does not need to be specified explicitly using 'hibernate.dialect' (remove the property setting and it will be selected by default)
[2024-04-03T21:30:42.052] [org.hibernate.engine.transaction.jta.platform.internal.JtaPlatformInitiator] [main] [58] [INFO ] HHH000489: No JTA platform available (set 'hibernate.transaction.jta.platform' to enable JTA platform integration)
[2024-04-03T21:30:42.061] [org.springframework.orm.jpa.AbstractEntityManagerFactoryBean] [main] [437] [INFO ] Initialized JPA EntityManagerFactory for persistence unit 'default'
[2024-04-03T21:30:42.514] [org.springframework.boot.autoconfigure.orm.jpa.JpaBaseConfiguration$JpaWebConfiguration] [main] [232] [WARN ] spring.jpa.open-in-view is enabled by default. Therefore, database queries may be performed during view rendering. Explicitly configure spring.jpa.open-in-view to disable this warning
[2024-04-03T21:30:43.104] [org.apache.juli.logging.DirectJDKLog] [main] [173] [INFO ] Starting ProtocolHandler ["http-nio-6789"]
[2024-04-03T21:30:43.152] [org.springframework.boot.web.embedded.tomcat.TomcatWebServer] [main] [241] [INFO ] Tomcat started on port 6789 (http) with context path '/api'
[2024-04-03T21:30:43.178] [org.springframework.boot.StartupInfoLogger] [main] [56] [INFO ] Started Session2Application in 6.694 seconds (process running for 8.654)
[2024-04-03T21:30:48.585] [org.apache.juli.logging.DirectJDKLog] [http-nio-6789-exec-2] [173] [INFO ] Initializing Spring DispatcherServlet 'dispatcherServlet'
[2024-04-03T21:30:48.586] [org.springframework.web.servlet.FrameworkServlet] [http-nio-6789-exec-2] [532] [INFO ] Initializing Servlet 'dispatcherServlet'
[2024-04-03T21:30:48.587] [org.springframework.web.servlet.FrameworkServlet] [http-nio-6789-exec-2] [554] [INFO ] Completed initialization in 1 ms
[2024-04-03T21:31:27.906] [com.zaxxer.hikari.pool.HikariPool$HouseKeeper] [HikariPool-1 housekeeper] [804] [WARN ] HikariPool-1 - Thread starvation or clock leap detected (housekeeper delta=47s147ms519µs700ns).
[2024-04-03T21:31:27.917] [org.springframework.web.servlet.mvc.method.annotation.ExceptionHandlerExceptionResolver] [http-nio-6789-exec-2] [441] [WARN ] Failure in @ExceptionHandler com.ra.api.exception.CommonHandlerException#handlerException(Throwable, HttpServletRequest)
java.lang.NullPointerException: Cannot invoke "com.ra.api.exception.ErrorMessageLoader.getMessage(String)" because "this.errorMessageLoader" is null
	at com.ra.api.exception.BaseException.<init>(BaseException.java:15)
	at com.ra.api.exception.CommonHandlerException.handlerException(CommonHandlerException.java:27)
	at java.base/jdk.internal.reflect.NativeMethodAccessorImpl.invoke0(Native Method)
	at java.base/jdk.internal.reflect.NativeMethodAccessorImpl.invoke(NativeMethodAccessorImpl.java:77)
	at java.base/jdk.internal.reflect.DelegatingMethodAccessorImpl.invoke(DelegatingMethodAccessorImpl.java:43)
	at java.base/java.lang.reflect.Method.invoke(Method.java:568)
	at org.springframework.web.method.support.InvocableHandlerMethod.doInvoke(InvocableHandlerMethod.java:255)
	at org.springframework.web.method.support.InvocableHandlerMethod.invokeForRequest(InvocableHandlerMethod.java:188)
	at org.springframework.web.servlet.mvc.method.annotation.ServletInvocableHandlerMethod.invokeAndHandle(ServletInvocableHandlerMethod.java:118)
	at org.springframework.web.servlet.mvc.method.annotation.ExceptionHandlerExceptionResolver.doResolveHandlerMethodException(ExceptionHandlerExceptionResolver.java:432)
	at org.springframework.web.servlet.handler.AbstractHandlerMethodExceptionResolver.doResolveException(AbstractHandlerMethodExceptionResolver.java:74)
	at org.springframework.web.servlet.handler.AbstractHandlerExceptionResolver.resolveException(AbstractHandlerExceptionResolver.java:175)
	at org.springframework.web.servlet.handler.HandlerExceptionResolverComposite.resolveException(HandlerExceptionResolverComposite.java:80)
	at org.springframework.web.servlet.DispatcherServlet.processHandlerException(DispatcherServlet.java:1357)
	at org.springframework.web.servlet.DispatcherServlet.processDispatchResult(DispatcherServlet.java:1160)
	at org.springframework.web.servlet.DispatcherServlet.doDispatch(DispatcherServlet.java:1106)
	at org.springframework.web.servlet.DispatcherServlet.doService(DispatcherServlet.java:979)
	at org.springframework.web.servlet.FrameworkServlet.processRequest(FrameworkServlet.java:1014)
	at org.springframework.web.servlet.FrameworkServlet.doGet(FrameworkServlet.java:903)
	at jakarta.servlet.http.HttpServlet.service(HttpServlet.java:564)
	at org.springframework.web.servlet.FrameworkServlet.service(FrameworkServlet.java:885)
	at jakarta.servlet.http.HttpServlet.service(HttpServlet.java:658)
	at org.apache.catalina.core.ApplicationFilterChain.internalDoFilter(ApplicationFilterChain.java:205)
	at org.apache.catalina.core.ApplicationFilterChain.doFilter(ApplicationFilterChain.java:149)
	at org.apache.tomcat.websocket.server.WsFilter.doFilter(WsFilter.java:51)
	at org.apache.catalina.core.ApplicationFilterChain.internalDoFilter(ApplicationFilterChain.java:174)
	at org.apache.catalina.core.ApplicationFilterChain.doFilter(ApplicationFilterChain.java:149)
	at org.springframework.web.filter.RequestContextFilter.doFilterInternal(RequestContextFilter.java:100)
	at org.springframework.web.filter.OncePerRequestFilter.doFilter(OncePerRequestFilter.java:116)
	at org.apache.catalina.core.ApplicationFilterChain.internalDoFilter(ApplicationFilterChain.java:174)
	at org.apache.catalina.core.ApplicationFilterChain.doFilter(ApplicationFilterChain.java:149)
	at org.springframework.web.filter.FormContentFilter.doFilterInternal(FormContentFilter.java:93)
	at org.springframework.web.filter.OncePerRequestFilter.doFilter(OncePerRequestFilter.java:116)
	at org.apache.catalina.core.ApplicationFilterChain.internalDoFilter(ApplicationFilterChain.java:174)
	at org.apache.catalina.core.ApplicationFilterChain.doFilter(ApplicationFilterChain.java:149)
	at org.springframework.web.filter.CharacterEncodingFilter.doFilterInternal(CharacterEncodingFilter.java:201)
	at org.springframework.web.filter.OncePerRequestFilter.doFilter(OncePerRequestFilter.java:116)
	at org.apache.catalina.core.ApplicationFilterChain.internalDoFilter(ApplicationFilterChain.java:174)
	at org.apache.catalina.core.ApplicationFilterChain.doFilter(ApplicationFilterChain.java:149)
	at org.apache.catalina.core.StandardWrapperValve.invoke(StandardWrapperValve.java:167)
	at org.apache.catalina.core.StandardContextValve.invoke(StandardContextValve.java:90)
	at org.apache.catalina.authenticator.AuthenticatorBase.invoke(AuthenticatorBase.java:482)
	at org.apache.catalina.core.StandardHostValve.invoke(StandardHostValve.java:115)
	at org.apache.catalina.valves.ErrorReportValve.invoke(ErrorReportValve.java:93)
	at org.apache.catalina.core.StandardEngineValve.invoke(StandardEngineValve.java:74)
	at org.apache.catalina.connector.CoyoteAdapter.service(CoyoteAdapter.java:344)
	at org.apache.coyote.http11.Http11Processor.service(Http11Processor.java:391)
	at org.apache.coyote.AbstractProcessorLight.process(AbstractProcessorLight.java:63)
	at org.apache.coyote.AbstractProtocol$ConnectionHandler.process(AbstractProtocol.java:896)
	at org.apache.tomcat.util.net.NioEndpoint$SocketProcessor.doRun(NioEndpoint.java:1744)
	at org.apache.tomcat.util.net.SocketProcessorBase.run(SocketProcessorBase.java:52)
	at org.apache.tomcat.util.threads.ThreadPoolExecutor.runWorker(ThreadPoolExecutor.java:1191)
	at org.apache.tomcat.util.threads.ThreadPoolExecutor$Worker.run(ThreadPoolExecutor.java:659)
	at org.apache.tomcat.util.threads.TaskThread$WrappingRunnable.run(TaskThread.java:63)
	at java.base/java.lang.Thread.run(Thread.java:842)
[2024-04-03T21:31:27.931] [org.springframework.web.servlet.handler.AbstractHandlerExceptionResolver] [http-nio-6789-exec-2] [247] [WARN ] Resolved [org.springframework.web.method.annotation.MethodArgumentTypeMismatchException: Failed to convert value of type 'java.lang.String' to required type 'java.lang.Integer'; For input string: "abc"]
[2024-04-03T21:31:50.450] [org.springframework.web.servlet.mvc.method.annotation.ExceptionHandlerExceptionResolver] [http-nio-6789-exec-4] [441] [WARN ] Failure in @ExceptionHandler com.ra.api.exception.CommonHandlerException#handlerException(Throwable, HttpServletRequest)
java.lang.NullPointerException: Cannot invoke "com.ra.api.exception.ErrorMessageLoader.getMessage(String)" because "this.errorMessageLoader" is null
	at com.ra.api.exception.BaseException.<init>(BaseException.java:15)
	at com.ra.api.exception.CommonHandlerException.handlerException(CommonHandlerException.java:27)
	at java.base/jdk.internal.reflect.NativeMethodAccessorImpl.invoke0(Native Method)
	at java.base/jdk.internal.reflect.NativeMethodAccessorImpl.invoke(NativeMethodAccessorImpl.java:77)
	at java.base/jdk.internal.reflect.DelegatingMethodAccessorImpl.invoke(DelegatingMethodAccessorImpl.java:43)
	at java.base/java.lang.reflect.Method.invoke(Method.java:568)
	at org.springframework.web.method.support.InvocableHandlerMethod.doInvoke(InvocableHandlerMethod.java:255)
	at org.springframework.web.method.support.InvocableHandlerMethod.invokeForRequest(InvocableHandlerMethod.java:188)
	at org.springframework.web.servlet.mvc.method.annotation.ServletInvocableHandlerMethod.invokeAndHandle(ServletInvocableHandlerMethod.java:118)
	at org.springframework.web.servlet.mvc.method.annotation.ExceptionHandlerExceptionResolver.doResolveHandlerMethodException(ExceptionHandlerExceptionResolver.java:432)
	at org.springframework.web.servlet.handler.AbstractHandlerMethodExceptionResolver.doResolveException(AbstractHandlerMethodExceptionResolver.java:74)
	at org.springframework.web.servlet.handler.AbstractHandlerExceptionResolver.resolveException(AbstractHandlerExceptionResolver.java:175)
	at org.springframework.web.servlet.handler.HandlerExceptionResolverComposite.resolveException(HandlerExceptionResolverComposite.java:80)
	at org.springframework.web.servlet.DispatcherServlet.processHandlerException(DispatcherServlet.java:1357)
	at org.springframework.web.servlet.DispatcherServlet.processDispatchResult(DispatcherServlet.java:1160)
	at org.springframework.web.servlet.DispatcherServlet.doDispatch(DispatcherServlet.java:1106)
	at org.springframework.web.servlet.DispatcherServlet.doService(DispatcherServlet.java:979)
	at org.springframework.web.servlet.FrameworkServlet.processRequest(FrameworkServlet.java:1014)
	at org.springframework.web.servlet.FrameworkServlet.doGet(FrameworkServlet.java:903)
	at jakarta.servlet.http.HttpServlet.service(HttpServlet.java:564)
	at org.springframework.web.servlet.FrameworkServlet.service(FrameworkServlet.java:885)
	at jakarta.servlet.http.HttpServlet.service(HttpServlet.java:658)
	at org.apache.catalina.core.ApplicationFilterChain.internalDoFilter(ApplicationFilterChain.java:205)
	at org.apache.catalina.core.ApplicationFilterChain.doFilter(ApplicationFilterChain.java:149)
	at org.apache.tomcat.websocket.server.WsFilter.doFilter(WsFilter.java:51)
	at org.apache.catalina.core.ApplicationFilterChain.internalDoFilter(ApplicationFilterChain.java:174)
	at org.apache.catalina.core.ApplicationFilterChain.doFilter(ApplicationFilterChain.java:149)
	at org.springframework.web.filter.RequestContextFilter.doFilterInternal(RequestContextFilter.java:100)
	at org.springframework.web.filter.OncePerRequestFilter.doFilter(OncePerRequestFilter.java:116)
	at org.apache.catalina.core.ApplicationFilterChain.internalDoFilter(ApplicationFilterChain.java:174)
	at org.apache.catalina.core.ApplicationFilterChain.doFilter(ApplicationFilterChain.java:149)
	at org.springframework.web.filter.FormContentFilter.doFilterInternal(FormContentFilter.java:93)
	at org.springframework.web.filter.OncePerRequestFilter.doFilter(OncePerRequestFilter.java:116)
	at org.apache.catalina.core.ApplicationFilterChain.internalDoFilter(ApplicationFilterChain.java:174)
	at org.apache.catalina.core.ApplicationFilterChain.doFilter(ApplicationFilterChain.java:149)
	at org.springframework.web.filter.CharacterEncodingFilter.doFilterInternal(CharacterEncodingFilter.java:201)
	at org.springframework.web.filter.OncePerRequestFilter.doFilter(OncePerRequestFilter.java:116)
	at org.apache.catalina.core.ApplicationFilterChain.internalDoFilter(ApplicationFilterChain.java:174)
	at org.apache.catalina.core.ApplicationFilterChain.doFilter(ApplicationFilterChain.java:149)
	at org.apache.catalina.core.StandardWrapperValve.invoke(StandardWrapperValve.java:167)
	at org.apache.catalina.core.StandardContextValve.invoke(StandardContextValve.java:90)
	at org.apache.catalina.authenticator.AuthenticatorBase.invoke(AuthenticatorBase.java:482)
	at org.apache.catalina.core.StandardHostValve.invoke(StandardHostValve.java:115)
	at org.apache.catalina.valves.ErrorReportValve.invoke(ErrorReportValve.java:93)
	at org.apache.catalina.core.StandardEngineValve.invoke(StandardEngineValve.java:74)
	at org.apache.catalina.connector.CoyoteAdapter.service(CoyoteAdapter.java:344)
	at org.apache.coyote.http11.Http11Processor.service(Http11Processor.java:391)
	at org.apache.coyote.AbstractProcessorLight.process(AbstractProcessorLight.java:63)
	at org.apache.coyote.AbstractProtocol$ConnectionHandler.process(AbstractProtocol.java:896)
	at org.apache.tomcat.util.net.NioEndpoint$SocketProcessor.doRun(NioEndpoint.java:1744)
	at org.apache.tomcat.util.net.SocketProcessorBase.run(SocketProcessorBase.java:52)
	at org.apache.tomcat.util.threads.ThreadPoolExecutor.runWorker(ThreadPoolExecutor.java:1191)
	at org.apache.tomcat.util.threads.ThreadPoolExecutor$Worker.run(ThreadPoolExecutor.java:659)
	at org.apache.tomcat.util.threads.TaskThread$WrappingRunnable.run(TaskThread.java:63)
	at java.base/java.lang.Thread.run(Thread.java:842)
[2024-04-03T21:31:50.453] [org.springframework.web.servlet.handler.AbstractHandlerExceptionResolver] [http-nio-6789-exec-4] [247] [WARN ] Resolved [org.springframework.web.method.annotation.MethodArgumentTypeMismatchException: Failed to convert value of type 'java.lang.String' to required type 'java.lang.Integer'; For input string: "abc"]
[2024-04-03T21:31:56.035] [com.ra.api.controller.ProductsController] [http-nio-6789-exec-6] [26] [INFO ] ProductsController get with request key=null, batch=1
[2024-04-03T21:32:12.324] [org.springframework.web.servlet.mvc.method.annotation.ExceptionHandlerExceptionResolver] [http-nio-6789-exec-6] [441] [WARN ] Failure in @ExceptionHandler com.ra.api.exception.CommonHandlerException#handlerException(Throwable, HttpServletRequest)
java.lang.NullPointerException: Cannot invoke "com.ra.api.exception.ErrorMessageLoader.getMessage(String)" because "this.errorMessageLoader" is null
	at com.ra.api.exception.BaseException.<init>(BaseException.java:15)
	at com.ra.api.exception.CommonHandlerException.handlerException(CommonHandlerException.java:27)
	at java.base/jdk.internal.reflect.NativeMethodAccessorImpl.invoke0(Native Method)
	at java.base/jdk.internal.reflect.NativeMethodAccessorImpl.invoke(NativeMethodAccessorImpl.java:77)
	at java.base/jdk.internal.reflect.DelegatingMethodAccessorImpl.invoke(DelegatingMethodAccessorImpl.java:43)
	at java.base/java.lang.reflect.Method.invoke(Method.java:568)
	at org.springframework.web.method.support.InvocableHandlerMethod.doInvoke(InvocableHandlerMethod.java:255)
	at org.springframework.web.method.support.InvocableHandlerMethod.invokeForRequest(InvocableHandlerMethod.java:188)
	at org.springframework.web.servlet.mvc.method.annotation.ServletInvocableHandlerMethod.invokeAndHandle(ServletInvocableHandlerMethod.java:118)
	at org.springframework.web.servlet.mvc.method.annotation.ExceptionHandlerExceptionResolver.doResolveHandlerMethodException(ExceptionHandlerExceptionResolver.java:432)
	at org.springframework.web.servlet.handler.AbstractHandlerMethodExceptionResolver.doResolveException(AbstractHandlerMethodExceptionResolver.java:74)
	at org.springframework.web.servlet.handler.AbstractHandlerExceptionResolver.resolveException(AbstractHandlerExceptionResolver.java:175)
	at org.springframework.web.servlet.handler.HandlerExceptionResolverComposite.resolveException(HandlerExceptionResolverComposite.java:80)
	at org.springframework.web.servlet.DispatcherServlet.processHandlerException(DispatcherServlet.java:1357)
	at org.springframework.web.servlet.DispatcherServlet.processDispatchResult(DispatcherServlet.java:1160)
	at org.springframework.web.servlet.DispatcherServlet.doDispatch(DispatcherServlet.java:1106)
	at org.springframework.web.servlet.DispatcherServlet.doService(DispatcherServlet.java:979)
	at org.springframework.web.servlet.FrameworkServlet.processRequest(FrameworkServlet.java:1014)
	at org.springframework.web.servlet.FrameworkServlet.doGet(FrameworkServlet.java:903)
	at jakarta.servlet.http.HttpServlet.service(HttpServlet.java:564)
	at org.springframework.web.servlet.FrameworkServlet.service(FrameworkServlet.java:885)
	at jakarta.servlet.http.HttpServlet.service(HttpServlet.java:658)
	at org.apache.catalina.core.ApplicationFilterChain.internalDoFilter(ApplicationFilterChain.java:205)
	at org.apache.catalina.core.ApplicationFilterChain.doFilter(ApplicationFilterChain.java:149)
	at org.apache.tomcat.websocket.server.WsFilter.doFilter(WsFilter.java:51)
	at org.apache.catalina.core.ApplicationFilterChain.internalDoFilter(ApplicationFilterChain.java:174)
	at org.apache.catalina.core.ApplicationFilterChain.doFilter(ApplicationFilterChain.java:149)
	at org.springframework.web.filter.RequestContextFilter.doFilterInternal(RequestContextFilter.java:100)
	at org.springframework.web.filter.OncePerRequestFilter.doFilter(OncePerRequestFilter.java:116)
	at org.apache.catalina.core.ApplicationFilterChain.internalDoFilter(ApplicationFilterChain.java:174)
	at org.apache.catalina.core.ApplicationFilterChain.doFilter(ApplicationFilterChain.java:149)
	at org.springframework.web.filter.FormContentFilter.doFilterInternal(FormContentFilter.java:93)
	at org.springframework.web.filter.OncePerRequestFilter.doFilter(OncePerRequestFilter.java:116)
	at org.apache.catalina.core.ApplicationFilterChain.internalDoFilter(ApplicationFilterChain.java:174)
	at org.apache.catalina.core.ApplicationFilterChain.doFilter(ApplicationFilterChain.java:149)
	at org.springframework.web.filter.CharacterEncodingFilter.doFilterInternal(CharacterEncodingFilter.java:201)
	at org.springframework.web.filter.OncePerRequestFilter.doFilter(OncePerRequestFilter.java:116)
	at org.apache.catalina.core.ApplicationFilterChain.internalDoFilter(ApplicationFilterChain.java:174)
	at org.apache.catalina.core.ApplicationFilterChain.doFilter(ApplicationFilterChain.java:149)
	at org.apache.catalina.core.StandardWrapperValve.invoke(StandardWrapperValve.java:167)
	at org.apache.catalina.core.StandardContextValve.invoke(StandardContextValve.java:90)
	at org.apache.catalina.authenticator.AuthenticatorBase.invoke(AuthenticatorBase.java:482)
	at org.apache.catalina.core.StandardHostValve.invoke(StandardHostValve.java:115)
	at org.apache.catalina.valves.ErrorReportValve.invoke(ErrorReportValve.java:93)
	at org.apache.catalina.core.StandardEngineValve.invoke(StandardEngineValve.java:74)
	at org.apache.catalina.connector.CoyoteAdapter.service(CoyoteAdapter.java:344)
	at org.apache.coyote.http11.Http11Processor.service(Http11Processor.java:391)
	at org.apache.coyote.AbstractProcessorLight.process(AbstractProcessorLight.java:63)
	at org.apache.coyote.AbstractProtocol$ConnectionHandler.process(AbstractProtocol.java:896)
	at org.apache.tomcat.util.net.NioEndpoint$SocketProcessor.doRun(NioEndpoint.java:1744)
	at org.apache.tomcat.util.net.SocketProcessorBase.run(SocketProcessorBase.java:52)
	at org.apache.tomcat.util.threads.ThreadPoolExecutor.runWorker(ThreadPoolExecutor.java:1191)
	at org.apache.tomcat.util.threads.ThreadPoolExecutor$Worker.run(ThreadPoolExecutor.java:659)
	at org.apache.tomcat.util.threads.TaskThread$WrappingRunnable.run(TaskThread.java:63)
	at java.base/java.lang.Thread.run(Thread.java:842)
[2024-04-03T21:32:12.336] [org.apache.juli.logging.DirectJDKLog] [http-nio-6789-exec-6] [175] [ERROR] Servlet.service() for servlet [dispatcherServlet] in context with path [/api] threw exception [Request processing failed: java.lang.NullPointerException: Cannot invoke "com.ra.api.exception.ErrorMessageLoader.getMessage(String)" because "this.errorMessageLoader" is null] with root cause
java.lang.NullPointerException: Cannot invoke "com.ra.api.exception.ErrorMessageLoader.getMessage(String)" because "this.errorMessageLoader" is null
	at com.ra.api.exception.BaseException.<init>(BaseException.java:15)
	at com.ra.api.controller.ProductsController.get(ProductsController.java:28)
	at java.base/jdk.internal.reflect.NativeMethodAccessorImpl.invoke0(Native Method)
	at java.base/jdk.internal.reflect.NativeMethodAccessorImpl.invoke(NativeMethodAccessorImpl.java:77)
	at java.base/jdk.internal.reflect.DelegatingMethodAccessorImpl.invoke(DelegatingMethodAccessorImpl.java:43)
	at java.base/java.lang.reflect.Method.invoke(Method.java:568)
	at org.springframework.web.method.support.InvocableHandlerMethod.doInvoke(InvocableHandlerMethod.java:255)
	at org.springframework.web.method.support.InvocableHandlerMethod.invokeForRequest(InvocableHandlerMethod.java:188)
	at org.springframework.web.servlet.mvc.method.annotation.ServletInvocableHandlerMethod.invokeAndHandle(ServletInvocableHandlerMethod.java:118)
	at org.springframework.web.servlet.mvc.method.annotation.RequestMappingHandlerAdapter.invokeHandlerMethod(RequestMappingHandlerAdapter.java:925)
	at org.springframework.web.servlet.mvc.method.annotation.RequestMappingHandlerAdapter.handleInternal(RequestMappingHandlerAdapter.java:830)
	at org.springframework.web.servlet.mvc.method.AbstractHandlerMethodAdapter.handle(AbstractHandlerMethodAdapter.java:87)
	at org.springframework.web.servlet.DispatcherServlet.doDispatch(DispatcherServlet.java:1089)
	at org.springframework.web.servlet.DispatcherServlet.doService(DispatcherServlet.java:979)
	at org.springframework.web.servlet.FrameworkServlet.processRequest(FrameworkServlet.java:1014)
	at org.springframework.web.servlet.FrameworkServlet.doGet(FrameworkServlet.java:903)
	at jakarta.servlet.http.HttpServlet.service(HttpServlet.java:564)
	at org.springframework.web.servlet.FrameworkServlet.service(FrameworkServlet.java:885)
	at jakarta.servlet.http.HttpServlet.service(HttpServlet.java:658)
	at org.apache.catalina.core.ApplicationFilterChain.internalDoFilter(ApplicationFilterChain.java:205)
	at org.apache.catalina.core.ApplicationFilterChain.doFilter(ApplicationFilterChain.java:149)
	at org.apache.tomcat.websocket.server.WsFilter.doFilter(WsFilter.java:51)
	at org.apache.catalina.core.ApplicationFilterChain.internalDoFilter(ApplicationFilterChain.java:174)
	at org.apache.catalina.core.ApplicationFilterChain.doFilter(ApplicationFilterChain.java:149)
	at org.springframework.web.filter.RequestContextFilter.doFilterInternal(RequestContextFilter.java:100)
	at org.springframework.web.filter.OncePerRequestFilter.doFilter(OncePerRequestFilter.java:116)
	at org.apache.catalina.core.ApplicationFilterChain.internalDoFilter(ApplicationFilterChain.java:174)
	at org.apache.catalina.core.ApplicationFilterChain.doFilter(ApplicationFilterChain.java:149)
	at org.springframework.web.filter.FormContentFilter.doFilterInternal(FormContentFilter.java:93)
	at org.springframework.web.filter.OncePerRequestFilter.doFilter(OncePerRequestFilter.java:116)
	at org.apache.catalina.core.ApplicationFilterChain.internalDoFilter(ApplicationFilterChain.java:174)
	at org.apache.catalina.core.ApplicationFilterChain.doFilter(ApplicationFilterChain.java:149)
	at org.springframework.web.filter.CharacterEncodingFilter.doFilterInternal(CharacterEncodingFilter.java:201)
	at org.springframework.web.filter.OncePerRequestFilter.doFilter(OncePerRequestFilter.java:116)
	at org.apache.catalina.core.ApplicationFilterChain.internalDoFilter(ApplicationFilterChain.java:174)
	at org.apache.catalina.core.ApplicationFilterChain.doFilter(ApplicationFilterChain.java:149)
	at org.apache.catalina.core.StandardWrapperValve.invoke(StandardWrapperValve.java:167)
	at org.apache.catalina.core.StandardContextValve.invoke(StandardContextValve.java:90)
	at org.apache.catalina.authenticator.AuthenticatorBase.invoke(AuthenticatorBase.java:482)
	at org.apache.catalina.core.StandardHostValve.invoke(StandardHostValve.java:115)
	at org.apache.catalina.valves.ErrorReportValve.invoke(ErrorReportValve.java:93)
	at org.apache.catalina.core.StandardEngineValve.invoke(StandardEngineValve.java:74)
	at org.apache.catalina.connector.CoyoteAdapter.service(CoyoteAdapter.java:344)
	at org.apache.coyote.http11.Http11Processor.service(Http11Processor.java:391)
	at org.apache.coyote.AbstractProcessorLight.process(AbstractProcessorLight.java:63)
	at org.apache.coyote.AbstractProtocol$ConnectionHandler.process(AbstractProtocol.java:896)
	at org.apache.tomcat.util.net.NioEndpoint$SocketProcessor.doRun(NioEndpoint.java:1744)
	at org.apache.tomcat.util.net.SocketProcessorBase.run(SocketProcessorBase.java:52)
	at org.apache.tomcat.util.threads.ThreadPoolExecutor.runWorker(ThreadPoolExecutor.java:1191)
	at org.apache.tomcat.util.threads.ThreadPoolExecutor$Worker.run(ThreadPoolExecutor.java:659)
	at org.apache.tomcat.util.threads.TaskThread$WrappingRunnable.run(TaskThread.java:63)
	at java.base/java.lang.Thread.run(Thread.java:842)
[2024-04-03T21:32:32.820] [org.springframework.orm.jpa.AbstractEntityManagerFactoryBean] [SpringApplicationShutdownHook] [650] [INFO ] Closing JPA EntityManagerFactory for persistence unit 'default'
[2024-04-03T21:32:32.830] [com.zaxxer.hikari.HikariDataSource] [SpringApplicationShutdownHook] [350] [INFO ] HikariPool-1 - Shutdown initiated...
[2024-04-03T21:32:32.862] [com.zaxxer.hikari.HikariDataSource] [SpringApplicationShutdownHook] [352] [INFO ] HikariPool-1 - Shutdown completed.
[2024-04-03T21:32:40.868] [org.springframework.boot.StartupInfoLogger] [main] [50] [INFO ] Starting Session2Application using Java 17.0.10 with PID 11296 (D:\Rikkei\RA_FUKUOKA-JV230929\SpringBoot\SourceCode\Session2\build\classes\java\main started by light in D:\Rikkei\RA_FUKUOKA-JV230929\SpringBoot\SourceCode\Session2)
[2024-04-03T21:32:40.872] [org.springframework.boot.SpringApplication] [main] [654] [INFO ] No active profile set, falling back to 1 default profile: "default"
[2024-04-03T21:32:42.125] [org.springframework.data.repository.config.RepositoryConfigurationDelegate] [main] [139] [INFO ] Bootstrapping Spring Data JPA repositories in DEFAULT mode.
[2024-04-03T21:32:42.276] [org.springframework.data.repository.config.RepositoryConfigurationDelegate] [main] [208] [INFO ] Finished Spring Data repository scanning in 132 ms. Found 1 JPA repository interface.
[2024-04-03T21:32:43.160] [org.springframework.boot.web.embedded.tomcat.TomcatWebServer] [main] [109] [INFO ] Tomcat initialized with port 6789 (http)
[2024-04-03T21:32:43.178] [org.apache.juli.logging.DirectJDKLog] [main] [173] [INFO ] Initializing ProtocolHandler ["http-nio-6789"]
[2024-04-03T21:32:43.180] [org.apache.juli.logging.DirectJDKLog] [main] [173] [INFO ] Starting service [Tomcat]
[2024-04-03T21:32:43.181] [org.apache.juli.logging.DirectJDKLog] [main] [173] [INFO ] Starting Servlet engine: [Apache Tomcat/10.1.19]
[2024-04-03T21:32:43.318] [org.apache.juli.logging.DirectJDKLog] [main] [173] [INFO ] Initializing Spring embedded WebApplicationContext
[2024-04-03T21:32:43.319] [org.springframework.boot.web.servlet.context.ServletWebServerApplicationContext] [main] [296] [INFO ] Root WebApplicationContext: initialization completed in 2359 ms
[2024-04-03T21:32:43.839] [org.hibernate.jpa.internal.util.LogHelper] [main] [31] [INFO ] HHH000204: Processing PersistenceUnitInfo [name: default]
[2024-04-03T21:32:44.055] [org.hibernate.Version] [main] [44] [INFO ] HHH000412: Hibernate ORM core version 6.4.4.Final
[2024-04-03T21:32:44.161] [org.hibernate.cache.internal.RegionFactoryInitiator] [main] [50] [INFO ] HHH000026: Second-level cache disabled
[2024-04-03T21:32:44.620] [org.springframework.orm.jpa.persistenceunit.SpringPersistenceUnitInfo] [main] [87] [INFO ] No LoadTimeWeaver setup: ignoring JPA class transformer
[2024-04-03T21:32:44.659] [com.zaxxer.hikari.HikariDataSource] [main] [110] [INFO ] HikariPool-1 - Starting...
[2024-04-03T21:32:44.889] [com.zaxxer.hikari.pool.HikariPool] [main] [565] [INFO ] HikariPool-1 - Added connection com.mysql.cj.jdbc.ConnectionImpl@44384b4a
[2024-04-03T21:32:44.897] [com.zaxxer.hikari.HikariDataSource] [main] [123] [INFO ] HikariPool-1 - Start completed.
[2024-04-03T21:32:44.969] [org.hibernate.dialect.Dialect] [main] [353] [WARN ] HHH000511: The 5.5.0 version for [org.hibernate.dialect.MySQLDialect] is no longer supported, hence certain features may not work properly. The minimum supported version is 8.0.0. Check the community dialects project for available legacy versions.
[2024-04-03T21:32:44.976] [org.hibernate.engine.jdbc.dialect.internal.DialectFactoryImpl] [main] [153] [WARN ] HHH90000025: MySQLDialect does not need to be specified explicitly using 'hibernate.dialect' (remove the property setting and it will be selected by default)
[2024-04-03T21:32:46.424] [org.hibernate.engine.transaction.jta.platform.internal.JtaPlatformInitiator] [main] [58] [INFO ] HHH000489: No JTA platform available (set 'hibernate.transaction.jta.platform' to enable JTA platform integration)
[2024-04-03T21:32:46.431] [org.springframework.orm.jpa.AbstractEntityManagerFactoryBean] [main] [437] [INFO ] Initialized JPA EntityManagerFactory for persistence unit 'default'
[2024-04-03T21:32:46.899] [org.springframework.boot.autoconfigure.orm.jpa.JpaBaseConfiguration$JpaWebConfiguration] [main] [232] [WARN ] spring.jpa.open-in-view is enabled by default. Therefore, database queries may be performed during view rendering. Explicitly configure spring.jpa.open-in-view to disable this warning
[2024-04-03T21:32:47.625] [org.apache.juli.logging.DirectJDKLog] [main] [173] [INFO ] Starting ProtocolHandler ["http-nio-6789"]
[2024-04-03T21:32:47.669] [org.springframework.boot.web.embedded.tomcat.TomcatWebServer] [main] [241] [INFO ] Tomcat started on port 6789 (http) with context path '/api'
[2024-04-03T21:32:47.684] [org.springframework.boot.StartupInfoLogger] [main] [56] [INFO ] Started Session2Application in 7.587 seconds (process running for 9.819)
[2024-04-03T21:32:51.508] [org.apache.juli.logging.DirectJDKLog] [http-nio-6789-exec-1] [173] [INFO ] Initializing Spring DispatcherServlet 'dispatcherServlet'
[2024-04-03T21:32:51.511] [org.springframework.web.servlet.FrameworkServlet] [http-nio-6789-exec-1] [532] [INFO ] Initializing Servlet 'dispatcherServlet'
[2024-04-03T21:32:51.522] [org.springframework.web.servlet.FrameworkServlet] [http-nio-6789-exec-1] [554] [INFO ] Completed initialization in 8 ms
[2024-04-03T21:32:51.682] [com.ra.api.controller.ProductsController] [http-nio-6789-exec-1] [26] [INFO ] ProductsController get with request key=null, batch=1
[2024-04-03T21:59:55.600] [com.zaxxer.hikari.pool.HikariPool$HouseKeeper] [HikariPool-1 housekeeper] [804] [WARN ] HikariPool-1 - Thread starvation or clock leap detected (housekeeper delta=21m10s446ms244µs300ns).
[2024-04-03T22:04:45.761] [org.springframework.orm.jpa.AbstractEntityManagerFactoryBean] [SpringApplicationShutdownHook] [650] [INFO ] Closing JPA EntityManagerFactory for persistence unit 'default'
[2024-04-03T22:04:45.828] [com.zaxxer.hikari.HikariDataSource] [SpringApplicationShutdownHook] [350] [INFO ] HikariPool-1 - Shutdown initiated...
[2024-04-03T22:04:45.852] [com.zaxxer.hikari.HikariDataSource] [SpringApplicationShutdownHook] [352] [INFO ] HikariPool-1 - Shutdown completed.
